<?xml version="1.0" encoding="UTF-8"?>
<testng-results ignored="0" total="1" passed="1" failed="0" skipped="0">
  <reporter-output>
  </reporter-output>
  <suite started-at="2025-09-27T16:54:47 IST" name="Default suite" finished-at="2025-09-27T16:54:47 IST" duration-ms="88">
    <groups>
    </groups>
    <test started-at="2025-09-27T16:54:47 IST" name="Default test" finished-at="2025-09-27T16:54:47 IST" duration-ms="88">
      <class name="testJava.TestClass">
        <test-method signature="a()[pri:0, instance:testJava.TestClass@7b2bbc3]" started-at="2025-09-27T16:54:47 IST" name="a" finished-at="2025-09-27T16:54:47 IST" duration-ms="17" status="PASS">
          <reporter-output>
          </reporter-output>
        </test-method> <!-- a -->
      </class> <!-- testJava.TestClass -->
    </test> <!-- Default test -->
  </suite> <!-- Default suite -->
</testng-results>
